<?xml version="1.0" encoding="UTF-8"?>
<robot generator="Robot 3.1.2 (Python 3.6.5 on linux)" generated="20200413 13:18:25.201" rpa="false">
<suite id="s1" name="Tc1" source="/home/elsys/Documents/VSCODE/clone_job_01/vscode_job/tc1/tc1.robot">
<test id="s1-t1" name="LoginTest">
<kw name="Evaluate" library="BuiltIn">
<doc>Evaluates the given expression in Python and returns the results.</doc>
<arguments>
<arg>sys.modules['selenium.webdriver'].common.desired_capabilities.DesiredCapabilities.FIREFOX</arg>
<arg>sys,selenium.webdriver</arg>
</arguments>
<assign>
<var>${ff default caps}</var>
</assign>
<msg timestamp="20200413 13:18:25.348" level="INFO">${ff default caps} = {'browserName': 'firefox', 'marionette': True, 'acceptInsecureCerts': True}</msg>
<status status="PASS" starttime="20200413 13:18:25.347" endtime="20200413 13:18:25.348"></status>
</kw>
<kw name="Create Webdriver" library="Selenium2Library">
<doc>Creates an instance of Selenium WebDriver.</doc>
<arguments>
<arg>${browser}</arg>
<arg>executable_path=/home/elsys/PycharmProjects/robot_framework/TestCase/geckodriver</arg>
</arguments>
<msg timestamp="20200413 13:18:25.349" level="INFO">Creating an instance of the Firefox WebDriver.</msg>
<status status="PASS" starttime="20200413 13:18:25.349" endtime="20200413 13:18:31.026"></status>
</kw>
<kw name="Go To" library="Selenium2Library">
<doc>Navigates the active browser instance to the provided ``url``.</doc>
<arguments>
<arg>${URL}</arg>
</arguments>
<msg timestamp="20200413 13:18:31.027" level="INFO">Opening url 'http://practiceselenium.com/practice-form.html'</msg>
<status status="PASS" starttime="20200413 13:18:31.026" endtime="20200413 13:18:44.115"></status>
</kw>
<kw name="Get Title" library="Selenium2Library">
<doc>Returns the title of current page.</doc>
<assign>
<var>${title}</var>
</assign>
<msg timestamp="20200413 13:18:44.120" level="INFO">${title} = practice-form</msg>
<status status="PASS" starttime="20200413 13:18:44.115" endtime="20200413 13:18:44.120"></status>
</kw>
<kw name="Log To Console" library="BuiltIn">
<doc>Logs the given message to the console.</doc>
<arguments>
<arg>${title}</arg>
</arguments>
<status status="PASS" starttime="20200413 13:18:44.121" endtime="20200413 13:18:44.122"></status>
</kw>
<status status="PASS" starttime="20200413 13:18:25.346" endtime="20200413 13:18:44.122" critical="yes"></status>
</test>
<test id="s1-t2" name="Testing Radio buttons and check boxes">
<kw name="testingradioapplication">
<kw name="Sleep" library="BuiltIn">
<doc>Pauses the test executed for the given time.</doc>
<arguments>
<arg>3s</arg>
</arguments>
<msg timestamp="20200413 13:18:47.126" level="INFO">Slept 3 seconds</msg>
<status status="PASS" starttime="20200413 13:18:44.126" endtime="20200413 13:18:47.126"></status>
</kw>
<kw name="Select Radio Button" library="Selenium2Library">
<doc>Sets radio button group ``group_name`` to ``value``.</doc>
<arguments>
<arg>sex</arg>
<arg>Female</arg>
</arguments>
<msg timestamp="20200413 13:18:47.127" level="INFO">Selecting 'Female' from radio button 'sex'.</msg>
<status status="PASS" starttime="20200413 13:18:47.126" endtime="20200413 13:18:47.357"></status>
</kw>
<kw name="Sleep" library="BuiltIn">
<doc>Pauses the test executed for the given time.</doc>
<arguments>
<arg>3s</arg>
</arguments>
<msg timestamp="20200413 13:18:50.357" level="INFO">Slept 3 seconds</msg>
<status status="PASS" starttime="20200413 13:18:47.357" endtime="20200413 13:18:50.358"></status>
</kw>
<kw name="Select Radio Button" library="Selenium2Library">
<doc>Sets radio button group ``group_name`` to ``value``.</doc>
<arguments>
<arg>exp</arg>
<arg>5</arg>
</arguments>
<msg timestamp="20200413 13:18:50.358" level="INFO">Selecting '5' from radio button 'exp'.</msg>
<status status="PASS" starttime="20200413 13:18:50.358" endtime="20200413 13:18:50.581"></status>
</kw>
<kw name="Sleep" library="BuiltIn">
<doc>Pauses the test executed for the given time.</doc>
<arguments>
<arg>10s</arg>
</arguments>
<msg timestamp="20200413 13:19:00.582" level="INFO">Slept 10 seconds</msg>
<status status="PASS" starttime="20200413 13:18:50.581" endtime="20200413 13:19:00.582"></status>
</kw>
<kw name="Select Checkbox" library="Selenium2Library">
<doc>Selects checkbox identified by ``locator``.</doc>
<arguments>
<arg>BlackTea</arg>
</arguments>
<msg timestamp="20200413 13:19:00.582" level="INFO">Selecting checkbox 'BlackTea'.</msg>
<status status="PASS" starttime="20200413 13:19:00.582" endtime="20200413 13:19:00.806"></status>
</kw>
<kw name="Sleep" library="BuiltIn">
<doc>Pauses the test executed for the given time.</doc>
<arguments>
<arg>5s</arg>
</arguments>
<msg timestamp="20200413 13:19:05.806" level="INFO">Slept 5 seconds</msg>
<status status="PASS" starttime="20200413 13:19:00.806" endtime="20200413 13:19:05.806"></status>
</kw>
<kw name="Select Checkbox" library="Selenium2Library">
<doc>Selects checkbox identified by ``locator``.</doc>
<arguments>
<arg>RedTea</arg>
</arguments>
<msg timestamp="20200413 13:19:05.807" level="INFO">Selecting checkbox 'RedTea'.</msg>
<status status="PASS" starttime="20200413 13:19:05.807" endtime="20200413 13:19:06.029"></status>
</kw>
<kw name="Sleep" library="BuiltIn">
<doc>Pauses the test executed for the given time.</doc>
<arguments>
<arg>5s</arg>
</arguments>
<msg timestamp="20200413 13:19:11.029" level="INFO">Slept 5 seconds</msg>
<status status="PASS" starttime="20200413 13:19:06.029" endtime="20200413 13:19:11.029"></status>
</kw>
<kw name="Unselect Checkbox" library="Selenium2Library">
<doc>Removes selection of checkbox identified by ``locator``.</doc>
<arguments>
<arg>BlackTea</arg>
</arguments>
<msg timestamp="20200413 13:19:11.030" level="INFO">Unselecting checkbox 'BlackTea'.</msg>
<status status="PASS" starttime="20200413 13:19:11.030" endtime="20200413 13:19:11.251"></status>
</kw>
<kw name="Sleep" library="BuiltIn">
<doc>Pauses the test executed for the given time.</doc>
<arguments>
<arg>3s</arg>
</arguments>
<msg timestamp="20200413 13:19:14.251" level="INFO">Slept 3 seconds</msg>
<status status="PASS" starttime="20200413 13:19:11.251" endtime="20200413 13:19:14.252"></status>
</kw>
<kw name="Select From List By Label" library="Selenium2Library">
<doc>Selects options from selection list ``locator`` by ``labels``.</doc>
<arguments>
<arg>continents</arg>
<arg>Antartica</arg>
</arguments>
<msg timestamp="20200413 13:19:14.252" level="INFO">Selecting options from selection list 'continents' by label Antartica.</msg>
<status status="PASS" starttime="20200413 13:19:14.252" endtime="20200413 13:19:14.484"></status>
</kw>
<kw name="Sleep" library="BuiltIn">
<doc>Pauses the test executed for the given time.</doc>
<arguments>
<arg>2s</arg>
</arguments>
<msg timestamp="20200413 13:19:16.484" level="INFO">Slept 2 seconds</msg>
<status status="PASS" starttime="20200413 13:19:14.484" endtime="20200413 13:19:16.484"></status>
</kw>
<kw name="Select From List By Index" library="Selenium2Library">
<doc>Selects options from selection list ``locator`` by ``indexes``.</doc>
<arguments>
<arg>continents</arg>
<arg>6</arg>
</arguments>
<msg timestamp="20200413 13:19:16.485" level="INFO">Selecting options from selection list 'continents' by index 6.</msg>
<status status="PASS" starttime="20200413 13:19:16.485" endtime="20200413 13:19:16.552"></status>
</kw>
<kw name="Sleep" library="BuiltIn">
<doc>Pauses the test executed for the given time.</doc>
<arguments>
<arg>1</arg>
</arguments>
<msg timestamp="20200413 13:19:17.553" level="INFO">Slept 1 second</msg>
<status status="PASS" starttime="20200413 13:19:16.553" endtime="20200413 13:19:17.553"></status>
</kw>
<kw name="Close Browser" library="Selenium2Library">
<doc>Closes the current browser.</doc>
<status status="PASS" starttime="20200413 13:19:17.553" endtime="20200413 13:19:18.559"></status>
</kw>
<status status="PASS" starttime="20200413 13:18:44.125" endtime="20200413 13:19:18.559"></status>
</kw>
<status status="PASS" starttime="20200413 13:18:44.124" endtime="20200413 13:19:18.559" critical="yes"></status>
</test>
<doc>Simple example using SeleniumLibrary</doc>
<status status="PASS" starttime="20200413 13:18:25.202" endtime="20200413 13:19:18.560"></status>
</suite>
<statistics>
<total>
<stat pass="2" fail="0">Critical Tests</stat>
<stat pass="2" fail="0">All Tests</stat>
</total>
<tag>
</tag>
<suite>
<stat pass="2" fail="0" id="s1" name="Tc1">Tc1</stat>
</suite>
</statistics>
<errors>
</errors>
</robot>
