<?xml version="1.0" encoding="UTF-8"?>
<robot generator="Robot 3.1.2 (Python 3.6.5 on linux)" generated="20200413 12:58:30.391" rpa="false">
<suite id="s1" name="Tc1" source="/home/elsys/Documents/VSCODE/Robot/tc1/tc1.robot">
<test id="s1-t1" name="LoginTest">
<kw name="Evaluate" library="BuiltIn">
<doc>Evaluates the given expression in Python and returns the results.</doc>
<arguments>
<arg>sys.modules['selenium.webdriver'].common.desired_capabilities.DesiredCapabilities.FIREFOX</arg>
<arg>sys,selenium.webdriver</arg>
</arguments>
<assign>
<var>${ff default caps}</var>
</assign>
<msg timestamp="20200413 12:58:30.630" level="INFO">${ff default caps} = {'browserName': 'firefox', 'marionette': True, 'acceptInsecureCerts': True}</msg>
<status status="PASS" starttime="20200413 12:58:30.628" endtime="20200413 12:58:30.630"></status>
</kw>
<kw name="Create Webdriver" library="Selenium2Library">
<doc>Creates an instance of Selenium WebDriver.</doc>
<arguments>
<arg>${browser}</arg>
<arg>executable_path=/home/elsys/PycharmProjects/robot_framework/TestCase/geckodriver</arg>
</arguments>
<msg timestamp="20200413 12:58:30.630" level="INFO">Creating an instance of the Firefox WebDriver.</msg>
<status status="PASS" starttime="20200413 12:58:30.630" endtime="20200413 12:58:35.888"></status>
</kw>
<kw name="Go To" library="Selenium2Library">
<doc>Navigates the active browser instance to the provided ``url``.</doc>
<arguments>
<arg>${URL}</arg>
</arguments>
<msg timestamp="20200413 12:58:35.889" level="INFO">Opening url 'http://practiceselenium.com/practice-form.html'</msg>
<status status="PASS" starttime="20200413 12:58:35.889" endtime="20200413 12:58:56.105"></status>
</kw>
<kw name="Get Title" library="Selenium2Library">
<doc>Returns the title of current page.</doc>
<assign>
<var>${title}</var>
</assign>
<msg timestamp="20200413 12:58:56.114" level="INFO">${title} = practice-form</msg>
<status status="PASS" starttime="20200413 12:58:56.105" endtime="20200413 12:58:56.114"></status>
</kw>
<kw name="Log To Console" library="BuiltIn">
<doc>Logs the given message to the console.</doc>
<arguments>
<arg>${title}</arg>
</arguments>
<status status="PASS" starttime="20200413 12:58:56.114" endtime="20200413 12:58:56.115"></status>
</kw>
<status status="PASS" starttime="20200413 12:58:30.626" endtime="20200413 12:58:56.115" critical="yes"></status>
</test>
<test id="s1-t2" name="Testing Radio buttons and check boxes">
<kw name="testingradioapplication">
<kw name="Sleep" library="BuiltIn">
<doc>Pauses the test executed for the given time.</doc>
<arguments>
<arg>3s</arg>
</arguments>
<msg timestamp="20200413 12:58:59.117" level="INFO">Slept 3 seconds</msg>
<status status="PASS" starttime="20200413 12:58:56.117" endtime="20200413 12:58:59.117"></status>
</kw>
<kw name="Select Radio Button" library="Selenium2Library">
<doc>Sets radio button group ``group_name`` to ``value``.</doc>
<arguments>
<arg>sex</arg>
<arg>Female</arg>
</arguments>
<msg timestamp="20200413 12:58:59.118" level="INFO">Selecting 'Female' from radio button 'sex'.</msg>
<status status="PASS" starttime="20200413 12:58:59.117" endtime="20200413 12:58:59.363"></status>
</kw>
<kw name="Sleep" library="BuiltIn">
<doc>Pauses the test executed for the given time.</doc>
<arguments>
<arg>3s</arg>
</arguments>
<msg timestamp="20200413 12:59:02.364" level="INFO">Slept 3 seconds</msg>
<status status="PASS" starttime="20200413 12:58:59.363" endtime="20200413 12:59:02.364"></status>
</kw>
<kw name="Select Radio Button" library="Selenium2Library">
<doc>Sets radio button group ``group_name`` to ``value``.</doc>
<arguments>
<arg>exp</arg>
<arg>5</arg>
</arguments>
<msg timestamp="20200413 12:59:02.364" level="INFO">Selecting '5' from radio button 'exp'.</msg>
<status status="PASS" starttime="20200413 12:59:02.364" endtime="20200413 12:59:02.606"></status>
</kw>
<kw name="Sleep" library="BuiltIn">
<doc>Pauses the test executed for the given time.</doc>
<arguments>
<arg>10s</arg>
</arguments>
<msg timestamp="20200413 12:59:12.608" level="INFO">Slept 10 seconds</msg>
<status status="PASS" starttime="20200413 12:59:02.606" endtime="20200413 12:59:12.608"></status>
</kw>
<kw name="Select Checkbox" library="Selenium2Library">
<doc>Selects checkbox identified by ``locator``.</doc>
<arguments>
<arg>BlackTea</arg>
</arguments>
<msg timestamp="20200413 12:59:12.609" level="INFO">Selecting checkbox 'BlackTea'.</msg>
<status status="PASS" starttime="20200413 12:59:12.608" endtime="20200413 12:59:13.331"></status>
</kw>
<kw name="Sleep" library="BuiltIn">
<doc>Pauses the test executed for the given time.</doc>
<arguments>
<arg>5s</arg>
</arguments>
<msg timestamp="20200413 12:59:18.332" level="INFO">Slept 5 seconds</msg>
<status status="PASS" starttime="20200413 12:59:13.332" endtime="20200413 12:59:18.332"></status>
</kw>
<kw name="Select Checkbox" library="Selenium2Library">
<doc>Selects checkbox identified by ``locator``.</doc>
<arguments>
<arg>RedTea</arg>
</arguments>
<msg timestamp="20200413 12:59:18.332" level="INFO">Selecting checkbox 'RedTea'.</msg>
<status status="PASS" starttime="20200413 12:59:18.332" endtime="20200413 12:59:19.052"></status>
</kw>
<kw name="Sleep" library="BuiltIn">
<doc>Pauses the test executed for the given time.</doc>
<arguments>
<arg>5s</arg>
</arguments>
<msg timestamp="20200413 12:59:24.052" level="INFO">Slept 5 seconds</msg>
<status status="PASS" starttime="20200413 12:59:19.052" endtime="20200413 12:59:24.053"></status>
</kw>
<kw name="Unselect Checkbox" library="Selenium2Library">
<doc>Removes selection of checkbox identified by ``locator``.</doc>
<arguments>
<arg>BlackTea</arg>
</arguments>
<msg timestamp="20200413 12:59:24.053" level="INFO">Unselecting checkbox 'BlackTea'.</msg>
<status status="PASS" starttime="20200413 12:59:24.053" endtime="20200413 12:59:24.774"></status>
</kw>
<kw name="Sleep" library="BuiltIn">
<doc>Pauses the test executed for the given time.</doc>
<arguments>
<arg>3s</arg>
</arguments>
<msg timestamp="20200413 12:59:27.775" level="INFO">Slept 3 seconds</msg>
<status status="PASS" starttime="20200413 12:59:24.774" endtime="20200413 12:59:27.775"></status>
</kw>
<kw name="Select From List By Label" library="Selenium2Library">
<doc>Selects options from selection list ``locator`` by ``labels``.</doc>
<arguments>
<arg>continents</arg>
<arg>Antartica</arg>
</arguments>
<msg timestamp="20200413 12:59:27.775" level="INFO">Selecting options from selection list 'continents' by label Antartica.</msg>
<status status="PASS" starttime="20200413 12:59:27.775" endtime="20200413 12:59:28.013"></status>
</kw>
<kw name="Sleep" library="BuiltIn">
<doc>Pauses the test executed for the given time.</doc>
<arguments>
<arg>2s</arg>
</arguments>
<msg timestamp="20200413 12:59:30.013" level="INFO">Slept 2 seconds</msg>
<status status="PASS" starttime="20200413 12:59:28.013" endtime="20200413 12:59:30.013"></status>
</kw>
<kw name="Select From List By Index" library="Selenium2Library">
<doc>Selects options from selection list ``locator`` by ``indexes``.</doc>
<arguments>
<arg>continents</arg>
<arg>6</arg>
</arguments>
<msg timestamp="20200413 12:59:30.014" level="INFO">Selecting options from selection list 'continents' by index 6.</msg>
<status status="PASS" starttime="20200413 12:59:30.014" endtime="20200413 12:59:30.103"></status>
</kw>
<kw name="Sleep" library="BuiltIn">
<doc>Pauses the test executed for the given time.</doc>
<arguments>
<arg>1</arg>
</arguments>
<msg timestamp="20200413 12:59:31.103" level="INFO">Slept 1 second</msg>
<status status="PASS" starttime="20200413 12:59:30.103" endtime="20200413 12:59:31.104"></status>
</kw>
<kw name="Close Browser" library="Selenium2Library">
<doc>Closes the current browser.</doc>
<status status="PASS" starttime="20200413 12:59:31.104" endtime="20200413 12:59:32.427"></status>
</kw>
<status status="PASS" starttime="20200413 12:58:56.116" endtime="20200413 12:59:32.427"></status>
</kw>
<status status="PASS" starttime="20200413 12:58:56.116" endtime="20200413 12:59:32.427" critical="yes"></status>
</test>
<doc>Simple example using SeleniumLibrary</doc>
<status status="PASS" starttime="20200413 12:58:30.394" endtime="20200413 12:59:32.428"></status>
</suite>
<statistics>
<total>
<stat pass="2" fail="0">Critical Tests</stat>
<stat pass="2" fail="0">All Tests</stat>
</total>
<tag>
</tag>
<suite>
<stat pass="2" fail="0" id="s1" name="Tc1">Tc1</stat>
</suite>
</statistics>
<errors>
</errors>
</robot>
