<?xml version="1.0" encoding="UTF-8"?>
<robot generator="Robot 3.1.2 (Python 3.6.5 on linux)" generated="20200407 14:09:44.241" rpa="false">
<suite id="s1" name="User Keywords" source="/home/elsys/Documents/VSCODE/Robot/tc2/user_keywords.robot">
<test id="s1-t1" name="LoginTest">
<kw name="Evaluate" library="BuiltIn">
<doc>Evaluates the given expression in Python and returns the results.</doc>
<arguments>
<arg>sys.modules['selenium.webdriver'].common.desired_capabilities.DesiredCapabilities.FIREFOX</arg>
<arg>sys,selenium.webdriver</arg>
</arguments>
<assign>
<var>${ff default caps}</var>
</assign>
<msg timestamp="20200407 14:09:44.394" level="INFO">${ff default caps} = {'browserName': 'firefox', 'marionette': True, 'acceptInsecureCerts': True}</msg>
<status status="PASS" starttime="20200407 14:09:44.393" endtime="20200407 14:09:44.394"></status>
</kw>
<kw name="Create Webdriver" library="Selenium2Library">
<doc>Creates an instance of Selenium WebDriver.</doc>
<arguments>
<arg>${browser}</arg>
<arg>executable_path=/home/elsys/PycharmProjects/robot_framework/TestCase/geckodriver</arg>
</arguments>
<msg timestamp="20200407 14:09:44.395" level="INFO">Creating an instance of the Firefox WebDriver.</msg>
<status status="PASS" starttime="20200407 14:09:44.395" endtime="20200407 14:09:49.366"></status>
</kw>
<kw name="Go To" library="Selenium2Library">
<doc>Navigates the active browser instance to the provided ``url``.</doc>
<arguments>
<arg>${URL}</arg>
</arguments>
<msg timestamp="20200407 14:09:49.367" level="INFO">Opening url 'http://newtours.demoaut.com/'</msg>
<status status="PASS" starttime="20200407 14:09:49.367" endtime="20200407 14:09:51.817"></status>
</kw>
<kw name="testinginputbox_application">
<kw name="Maximize Browser Window" library="Selenium2Library">
<doc>Maximizes current browser window.</doc>
<status status="PASS" starttime="20200407 14:09:51.817" endtime="20200407 14:09:55.328"></status>
</kw>
<kw name="Set Selenium Speed" library="Selenium2Library">
<doc>Sets the delay that is waited after each Selenium command.</doc>
<arguments>
<arg>2s</arg>
</arguments>
<status status="PASS" starttime="20200407 14:09:55.328" endtime="20200407 14:09:55.329"></status>
</kw>
<kw name="Title Should Be" library="Selenium2Library">
<doc>Verifies that current page title equals ``title``.</doc>
<arguments>
<arg>Welcome: Mercury Tours</arg>
</arguments>
<msg timestamp="20200407 14:09:57.333" level="INFO">Page title is 'Welcome: Mercury Tours'.</msg>
<status status="PASS" starttime="20200407 14:09:55.329" endtime="20200407 14:09:57.334"></status>
</kw>
<status status="PASS" starttime="20200407 14:09:51.817" endtime="20200407 14:09:57.334"></status>
</kw>
<kw name="testingradio_application">
<kw name="Input Text" library="Selenium2Library">
<doc>Types the given ``text`` into text field identified by ``locator``.</doc>
<arguments>
<arg>name:userName</arg>
<arg>mercury</arg>
</arguments>
<msg timestamp="20200407 14:09:57.335" level="INFO">Typing text 'mercury' into text field 'name:userName'.</msg>
<status status="PASS" starttime="20200407 14:09:57.334" endtime="20200407 14:10:03.377"></status>
</kw>
<kw name="Sleep" library="BuiltIn">
<doc>Pauses the test executed for the given time.</doc>
<arguments>
<arg>1</arg>
</arguments>
<msg timestamp="20200407 14:10:04.377" level="INFO">Slept 1 second</msg>
<status status="PASS" starttime="20200407 14:10:03.377" endtime="20200407 14:10:04.377"></status>
</kw>
<kw name="Input Text" library="Selenium2Library">
<doc>Types the given ``text`` into text field identified by ``locator``.</doc>
<arguments>
<arg>name:password</arg>
<arg>mercury</arg>
</arguments>
<msg timestamp="20200407 14:10:04.378" level="INFO">Typing text 'mercury' into text field 'name:password'.</msg>
<status status="PASS" starttime="20200407 14:10:04.378" endtime="20200407 14:10:10.408"></status>
</kw>
<kw name="Sleep" library="BuiltIn">
<doc>Pauses the test executed for the given time.</doc>
<arguments>
<arg>1</arg>
</arguments>
<msg timestamp="20200407 14:10:11.408" level="INFO">Slept 1 second</msg>
<status status="PASS" starttime="20200407 14:10:10.408" endtime="20200407 14:10:11.409"></status>
</kw>
<kw name="Get Title" library="Selenium2Library">
<doc>Returns the title of current page.</doc>
<assign>
<var>${title}</var>
</assign>
<msg timestamp="20200407 14:10:13.413" level="INFO">${title} = Welcome: Mercury Tours</msg>
<status status="PASS" starttime="20200407 14:10:11.409" endtime="20200407 14:10:13.414"></status>
</kw>
<kw name="Log To Console" library="BuiltIn">
<doc>Logs the given message to the console.</doc>
<arguments>
<arg>${title}</arg>
</arguments>
<status status="PASS" starttime="20200407 14:10:13.414" endtime="20200407 14:10:13.414"></status>
</kw>
<kw name="Log" library="BuiltIn">
<doc>Logs the given message with the given level.</doc>
<arguments>
<arg>${title}</arg>
</arguments>
<msg timestamp="20200407 14:10:13.415" level="INFO">Welcome: Mercury Tours</msg>
<status status="PASS" starttime="20200407 14:10:13.414" endtime="20200407 14:10:13.415"></status>
</kw>
<status status="PASS" starttime="20200407 14:09:57.334" endtime="20200407 14:10:13.415"></status>
</kw>
<kw name="closenavigator_application">
<kw name="Sleep" library="BuiltIn">
<doc>Pauses the test executed for the given time.</doc>
<arguments>
<arg>3</arg>
</arguments>
<msg timestamp="20200407 14:10:16.416" level="INFO">Slept 3 seconds</msg>
<status status="PASS" starttime="20200407 14:10:13.415" endtime="20200407 14:10:16.416"></status>
</kw>
<kw name="Close Browser" library="Selenium2Library">
<doc>Closes the current browser.</doc>
<status status="PASS" starttime="20200407 14:10:16.416" endtime="20200407 14:10:19.617"></status>
</kw>
<status status="PASS" starttime="20200407 14:10:13.415" endtime="20200407 14:10:19.617"></status>
</kw>
<status status="PASS" starttime="20200407 14:09:44.393" endtime="20200407 14:10:19.617" critical="yes"></status>
</test>
<doc>Simple example using SeleniumLibrary</doc>
<status status="PASS" starttime="20200407 14:09:44.242" endtime="20200407 14:10:19.618"></status>
</suite>
<statistics>
<total>
<stat pass="1" fail="0">Critical Tests</stat>
<stat pass="1" fail="0">All Tests</stat>
</total>
<tag>
</tag>
<suite>
<stat pass="1" fail="0" id="s1" name="User Keywords">User Keywords</stat>
</suite>
</statistics>
<errors>
</errors>
</robot>
