<?xml version="1.0" encoding="UTF-8"?>
<robot generator="Robot 3.1.2 (Python 3.6.5 on linux)" generated="20200409 14:14:45.525" rpa="false">
<suite id="s1" name="Countandgetlink" source="/home/elsys/Documents/VSCODE/Robot/tc6/countandgetlink.robot">
<test id="s1-t1" name="Open and Get Title">
<kw name="Evaluate" library="BuiltIn">
<doc>Evaluates the given expression in Python and returns the results.</doc>
<arguments>
<arg>sys.modules['selenium.webdriver'].common.desired_capabilities.DesiredCapabilities.FIREFOX</arg>
<arg>sys,selenium.webdriver</arg>
</arguments>
<assign>
<var>${ff default caps}</var>
</assign>
<msg timestamp="20200409 14:14:45.795" level="INFO">${ff default caps} = {'browserName': 'firefox', 'marionette': True, 'acceptInsecureCerts': True}</msg>
<status status="PASS" starttime="20200409 14:14:45.793" endtime="20200409 14:14:45.795"></status>
</kw>
<kw name="Create Webdriver" library="Selenium2Library">
<doc>Creates an instance of Selenium WebDriver.</doc>
<arguments>
<arg>${browser}</arg>
<arg>executable_path=/home/elsys/PycharmProjects/robot_framework/TestCase/geckodriver</arg>
</arguments>
<msg timestamp="20200409 14:14:45.795" level="INFO">Creating an instance of the Firefox WebDriver.</msg>
<status status="PASS" starttime="20200409 14:14:45.795" endtime="20200409 14:14:51.363"></status>
</kw>
<kw name="Go To" library="Selenium2Library">
<doc>Navigates the active browser instance to the provided ``url``.</doc>
<arguments>
<arg>${URL}</arg>
</arguments>
<msg timestamp="20200409 14:14:51.364" level="INFO">Opening url 'http://newtours.demoaut.com/'</msg>
<status status="PASS" starttime="20200409 14:14:51.363" endtime="20200409 14:14:53.356"></status>
</kw>
<kw name="optionbrowser_application">
<kw name="Maximize Browser Window" library="Selenium2Library">
<doc>Maximizes current browser window.</doc>
<status status="PASS" starttime="20200409 14:14:53.357" endtime="20200409 14:14:56.871"></status>
</kw>
<kw name="Set Selenium Speed" library="Selenium2Library">
<doc>Sets the delay that is waited after each Selenium command.</doc>
<arguments>
<arg>0.5s</arg>
</arguments>
<status status="PASS" starttime="20200409 14:14:56.871" endtime="20200409 14:14:56.871"></status>
</kw>
<kw name="Get Title" library="Selenium2Library">
<doc>Returns the title of current page.</doc>
<assign>
<var>${page_tile}</var>
</assign>
<msg timestamp="20200409 14:14:57.375" level="INFO">${page_tile} = Welcome: Mercury Tours</msg>
<status status="PASS" starttime="20200409 14:14:56.872" endtime="20200409 14:14:57.375"></status>
</kw>
<kw name="Log" library="BuiltIn">
<doc>Logs the given message with the given level.</doc>
<arguments>
<arg>${page_tile}</arg>
</arguments>
<msg timestamp="20200409 14:14:57.375" level="INFO">Welcome: Mercury Tours</msg>
<status status="PASS" starttime="20200409 14:14:57.375" endtime="20200409 14:14:57.375"></status>
</kw>
<kw name="Title Should Be" library="Selenium2Library">
<doc>Verifies that current page title equals ``title``.</doc>
<arguments>
<arg>Welcome: Mercury Tours</arg>
</arguments>
<msg timestamp="20200409 14:14:57.878" level="INFO">Page title is 'Welcome: Mercury Tours'.</msg>
<status status="PASS" starttime="20200409 14:14:57.375" endtime="20200409 14:14:57.879"></status>
</kw>
<status status="PASS" starttime="20200409 14:14:53.357" endtime="20200409 14:14:57.879"></status>
</kw>
<status status="PASS" starttime="20200409 14:14:45.792" endtime="20200409 14:14:57.879" critical="yes"></status>
</test>
<test id="s1-t2" name="Text, Testing Radio buttons, check boxes">
<kw name="testingradio_application">
<kw name="Get Element Count" library="Selenium2Library">
<doc>Returns number of elements matching ``locator``.</doc>
<arguments>
<arg>xpath://a</arg>
</arguments>
<assign>
<var>${alllinkscount}</var>
</assign>
<msg timestamp="20200409 14:14:58.399" level="INFO">${alllinkscount} = 16</msg>
<status status="PASS" starttime="20200409 14:14:57.881" endtime="20200409 14:14:58.399"></status>
</kw>
<kw name="Log To Console" library="BuiltIn">
<doc>Logs the given message to the console.</doc>
<arguments>
<arg>${alllinkscount}</arg>
</arguments>
<status status="PASS" starttime="20200409 14:14:58.399" endtime="20200409 14:14:58.400"></status>
</kw>
<kw name="Sleep" library="BuiltIn">
<doc>Pauses the test executed for the given time.</doc>
<arguments>
<arg>2</arg>
</arguments>
<msg timestamp="20200409 14:15:00.400" level="INFO">Slept 2 seconds</msg>
<status status="PASS" starttime="20200409 14:14:58.400" endtime="20200409 14:15:00.400"></status>
</kw>
<kw name="Create List" library="BuiltIn">
<doc>Returns a list containing given items.</doc>
<assign>
<var>@{linkitemslist}</var>
</assign>
<msg timestamp="20200409 14:15:00.401" level="INFO">@{linkitemslist} = [ ]</msg>
<status status="PASS" starttime="20200409 14:15:00.400" endtime="20200409 14:15:00.401"></status>
</kw>
<kw name="${int} IN RANGE [ 1 | ${alllinkscount}+1 ]" type="for">
<kw name="${int} = 1" type="foritem">
<kw name="Get Text" library="Selenium2Library">
<doc>Returns the text value of element identified by ``locator``.</doc>
<arguments>
<arg>xpath:(//a)[${int}]</arg>
</arguments>
<assign>
<var>${linktext}</var>
</assign>
<msg timestamp="20200409 14:15:01.425" level="INFO">${linktext} = Home</msg>
<status status="PASS" starttime="20200409 14:15:00.401" endtime="20200409 14:15:01.426"></status>
</kw>
<kw name="Log To Console" library="BuiltIn">
<doc>Logs the given message to the console.</doc>
<arguments>
<arg>${linktext}</arg>
</arguments>
<status status="PASS" starttime="20200409 14:15:01.426" endtime="20200409 14:15:01.426"></status>
</kw>
<status status="PASS" starttime="20200409 14:15:00.401" endtime="20200409 14:15:01.426"></status>
</kw>
<kw name="${int} = 2" type="foritem">
<kw name="Get Text" library="Selenium2Library">
<doc>Returns the text value of element identified by ``locator``.</doc>
<arguments>
<arg>xpath:(//a)[${int}]</arg>
</arguments>
<assign>
<var>${linktext}</var>
</assign>
<msg timestamp="20200409 14:15:02.443" level="INFO">${linktext} = Flights</msg>
<status status="PASS" starttime="20200409 14:15:01.426" endtime="20200409 14:15:02.443"></status>
</kw>
<kw name="Log To Console" library="BuiltIn">
<doc>Logs the given message to the console.</doc>
<arguments>
<arg>${linktext}</arg>
</arguments>
<status status="PASS" starttime="20200409 14:15:02.443" endtime="20200409 14:15:02.443"></status>
</kw>
<status status="PASS" starttime="20200409 14:15:01.426" endtime="20200409 14:15:02.443"></status>
</kw>
<kw name="${int} = 3" type="foritem">
<kw name="Get Text" library="Selenium2Library">
<doc>Returns the text value of element identified by ``locator``.</doc>
<arguments>
<arg>xpath:(//a)[${int}]</arg>
</arguments>
<assign>
<var>${linktext}</var>
</assign>
<msg timestamp="20200409 14:15:03.468" level="INFO">${linktext} = Hotels</msg>
<status status="PASS" starttime="20200409 14:15:02.444" endtime="20200409 14:15:03.468"></status>
</kw>
<kw name="Log To Console" library="BuiltIn">
<doc>Logs the given message to the console.</doc>
<arguments>
<arg>${linktext}</arg>
</arguments>
<status status="PASS" starttime="20200409 14:15:03.468" endtime="20200409 14:15:03.468"></status>
</kw>
<status status="PASS" starttime="20200409 14:15:02.444" endtime="20200409 14:15:03.468"></status>
</kw>
<kw name="${int} = 4" type="foritem">
<kw name="Get Text" library="Selenium2Library">
<doc>Returns the text value of element identified by ``locator``.</doc>
<arguments>
<arg>xpath:(//a)[${int}]</arg>
</arguments>
<assign>
<var>${linktext}</var>
</assign>
<msg timestamp="20200409 14:15:04.488" level="INFO">${linktext} = Car Rentals</msg>
<status status="PASS" starttime="20200409 14:15:03.468" endtime="20200409 14:15:04.488"></status>
</kw>
<kw name="Log To Console" library="BuiltIn">
<doc>Logs the given message to the console.</doc>
<arguments>
<arg>${linktext}</arg>
</arguments>
<status status="PASS" starttime="20200409 14:15:04.488" endtime="20200409 14:15:04.489"></status>
</kw>
<status status="PASS" starttime="20200409 14:15:03.468" endtime="20200409 14:15:04.489"></status>
</kw>
<kw name="${int} = 5" type="foritem">
<kw name="Get Text" library="Selenium2Library">
<doc>Returns the text value of element identified by ``locator``.</doc>
<arguments>
<arg>xpath:(//a)[${int}]</arg>
</arguments>
<assign>
<var>${linktext}</var>
</assign>
<msg timestamp="20200409 14:15:05.506" level="INFO">${linktext} = Cruises</msg>
<status status="PASS" starttime="20200409 14:15:04.489" endtime="20200409 14:15:05.506"></status>
</kw>
<kw name="Log To Console" library="BuiltIn">
<doc>Logs the given message to the console.</doc>
<arguments>
<arg>${linktext}</arg>
</arguments>
<status status="PASS" starttime="20200409 14:15:05.506" endtime="20200409 14:15:05.506"></status>
</kw>
<status status="PASS" starttime="20200409 14:15:04.489" endtime="20200409 14:15:05.506"></status>
</kw>
<kw name="${int} = 6" type="foritem">
<kw name="Get Text" library="Selenium2Library">
<doc>Returns the text value of element identified by ``locator``.</doc>
<arguments>
<arg>xpath:(//a)[${int}]</arg>
</arguments>
<assign>
<var>${linktext}</var>
</assign>
<msg timestamp="20200409 14:15:06.526" level="INFO">${linktext} = Destinations</msg>
<status status="PASS" starttime="20200409 14:15:05.507" endtime="20200409 14:15:06.526"></status>
</kw>
<kw name="Log To Console" library="BuiltIn">
<doc>Logs the given message to the console.</doc>
<arguments>
<arg>${linktext}</arg>
</arguments>
<status status="PASS" starttime="20200409 14:15:06.527" endtime="20200409 14:15:06.527"></status>
</kw>
<status status="PASS" starttime="20200409 14:15:05.507" endtime="20200409 14:15:06.527"></status>
</kw>
<kw name="${int} = 7" type="foritem">
<kw name="Get Text" library="Selenium2Library">
<doc>Returns the text value of element identified by ``locator``.</doc>
<arguments>
<arg>xpath:(//a)[${int}]</arg>
</arguments>
<assign>
<var>${linktext}</var>
</assign>
<msg timestamp="20200409 14:15:07.545" level="INFO">${linktext} = Vacations</msg>
<status status="PASS" starttime="20200409 14:15:06.527" endtime="20200409 14:15:07.545"></status>
</kw>
<kw name="Log To Console" library="BuiltIn">
<doc>Logs the given message to the console.</doc>
<arguments>
<arg>${linktext}</arg>
</arguments>
<status status="PASS" starttime="20200409 14:15:07.545" endtime="20200409 14:15:07.545"></status>
</kw>
<status status="PASS" starttime="20200409 14:15:06.527" endtime="20200409 14:15:07.545"></status>
</kw>
<kw name="${int} = 8" type="foritem">
<kw name="Get Text" library="Selenium2Library">
<doc>Returns the text value of element identified by ``locator``.</doc>
<arguments>
<arg>xpath:(//a)[${int}]</arg>
</arguments>
<assign>
<var>${linktext}</var>
</assign>
<msg timestamp="20200409 14:15:08.560" level="INFO">${linktext} = SIGN-ON</msg>
<status status="PASS" starttime="20200409 14:15:07.545" endtime="20200409 14:15:08.561"></status>
</kw>
<kw name="Log To Console" library="BuiltIn">
<doc>Logs the given message to the console.</doc>
<arguments>
<arg>${linktext}</arg>
</arguments>
<status status="PASS" starttime="20200409 14:15:08.561" endtime="20200409 14:15:08.561"></status>
</kw>
<status status="PASS" starttime="20200409 14:15:07.545" endtime="20200409 14:15:08.561"></status>
</kw>
<kw name="${int} = 9" type="foritem">
<kw name="Get Text" library="Selenium2Library">
<doc>Returns the text value of element identified by ``locator``.</doc>
<arguments>
<arg>xpath:(//a)[${int}]</arg>
</arguments>
<assign>
<var>${linktext}</var>
</assign>
<msg timestamp="20200409 14:15:09.576" level="INFO">${linktext} = REGISTER</msg>
<status status="PASS" starttime="20200409 14:15:08.562" endtime="20200409 14:15:09.576"></status>
</kw>
<kw name="Log To Console" library="BuiltIn">
<doc>Logs the given message to the console.</doc>
<arguments>
<arg>${linktext}</arg>
</arguments>
<status status="PASS" starttime="20200409 14:15:09.576" endtime="20200409 14:15:09.576"></status>
</kw>
<status status="PASS" starttime="20200409 14:15:08.561" endtime="20200409 14:15:09.576"></status>
</kw>
<kw name="${int} = 10" type="foritem">
<kw name="Get Text" library="Selenium2Library">
<doc>Returns the text value of element identified by ``locator``.</doc>
<arguments>
<arg>xpath:(//a)[${int}]</arg>
</arguments>
<assign>
<var>${linktext}</var>
</assign>
<msg timestamp="20200409 14:15:10.590" level="INFO">${linktext} = SUPPORT</msg>
<status status="PASS" starttime="20200409 14:15:09.576" endtime="20200409 14:15:10.590"></status>
</kw>
<kw name="Log To Console" library="BuiltIn">
<doc>Logs the given message to the console.</doc>
<arguments>
<arg>${linktext}</arg>
</arguments>
<status status="PASS" starttime="20200409 14:15:10.591" endtime="20200409 14:15:10.591"></status>
</kw>
<status status="PASS" starttime="20200409 14:15:09.576" endtime="20200409 14:15:10.591"></status>
</kw>
<kw name="${int} = 11" type="foritem">
<kw name="Get Text" library="Selenium2Library">
<doc>Returns the text value of element identified by ``locator``.</doc>
<arguments>
<arg>xpath:(//a)[${int}]</arg>
</arguments>
<assign>
<var>${linktext}</var>
</assign>
<msg timestamp="20200409 14:15:11.608" level="INFO">${linktext} = CONTACT</msg>
<status status="PASS" starttime="20200409 14:15:10.591" endtime="20200409 14:15:11.608"></status>
</kw>
<kw name="Log To Console" library="BuiltIn">
<doc>Logs the given message to the console.</doc>
<arguments>
<arg>${linktext}</arg>
</arguments>
<status status="PASS" starttime="20200409 14:15:11.608" endtime="20200409 14:15:11.608"></status>
</kw>
<status status="PASS" starttime="20200409 14:15:10.591" endtime="20200409 14:15:11.608"></status>
</kw>
<kw name="${int} = 12" type="foritem">
<kw name="Get Text" library="Selenium2Library">
<doc>Returns the text value of element identified by ``locator``.</doc>
<arguments>
<arg>xpath:(//a)[${int}]</arg>
</arguments>
<assign>
<var>${linktext}</var>
</assign>
<msg timestamp="20200409 14:15:12.623" level="INFO">${linktext} = your destination</msg>
<status status="PASS" starttime="20200409 14:15:11.608" endtime="20200409 14:15:12.623"></status>
</kw>
<kw name="Log To Console" library="BuiltIn">
<doc>Logs the given message to the console.</doc>
<arguments>
<arg>${linktext}</arg>
</arguments>
<status status="PASS" starttime="20200409 14:15:12.623" endtime="20200409 14:15:12.624"></status>
</kw>
<status status="PASS" starttime="20200409 14:15:11.608" endtime="20200409 14:15:12.624"></status>
</kw>
<kw name="${int} = 13" type="foritem">
<kw name="Get Text" library="Selenium2Library">
<doc>Returns the text value of element identified by ``locator``.</doc>
<arguments>
<arg>xpath:(//a)[${int}]</arg>
</arguments>
<assign>
<var>${linktext}</var>
</assign>
<msg timestamp="20200409 14:15:13.641" level="INFO">${linktext} = featured vacation destinations</msg>
<status status="PASS" starttime="20200409 14:15:12.624" endtime="20200409 14:15:13.641"></status>
</kw>
<kw name="Log To Console" library="BuiltIn">
<doc>Logs the given message to the console.</doc>
<arguments>
<arg>${linktext}</arg>
</arguments>
<status status="PASS" starttime="20200409 14:15:13.641" endtime="20200409 14:15:13.642"></status>
</kw>
<status status="PASS" starttime="20200409 14:15:12.624" endtime="20200409 14:15:13.642"></status>
</kw>
<kw name="${int} = 14" type="foritem">
<kw name="Get Text" library="Selenium2Library">
<doc>Returns the text value of element identified by ``locator``.</doc>
<arguments>
<arg>xpath:(//a)[${int}]</arg>
</arguments>
<assign>
<var>${linktext}</var>
</assign>
<msg timestamp="20200409 14:15:14.658" level="INFO">${linktext} = Register here</msg>
<status status="PASS" starttime="20200409 14:15:13.642" endtime="20200409 14:15:14.658"></status>
</kw>
<kw name="Log To Console" library="BuiltIn">
<doc>Logs the given message to the console.</doc>
<arguments>
<arg>${linktext}</arg>
</arguments>
<status status="PASS" starttime="20200409 14:15:14.658" endtime="20200409 14:15:14.658"></status>
</kw>
<status status="PASS" starttime="20200409 14:15:13.642" endtime="20200409 14:15:14.658"></status>
</kw>
<kw name="${int} = 15" type="foritem">
<kw name="Get Text" library="Selenium2Library">
<doc>Returns the text value of element identified by ``locator``.</doc>
<arguments>
<arg>xpath:(//a)[${int}]</arg>
</arguments>
<assign>
<var>${linktext}</var>
</assign>
<msg timestamp="20200409 14:15:15.676" level="INFO">${linktext} = Business Travel @ About.com</msg>
<status status="PASS" starttime="20200409 14:15:14.658" endtime="20200409 14:15:15.676"></status>
</kw>
<kw name="Log To Console" library="BuiltIn">
<doc>Logs the given message to the console.</doc>
<arguments>
<arg>${linktext}</arg>
</arguments>
<status status="PASS" starttime="20200409 14:15:15.676" endtime="20200409 14:15:15.676"></status>
</kw>
<status status="PASS" starttime="20200409 14:15:14.658" endtime="20200409 14:15:15.676"></status>
</kw>
<kw name="${int} = 16" type="foritem">
<kw name="Get Text" library="Selenium2Library">
<doc>Returns the text value of element identified by ``locator``.</doc>
<arguments>
<arg>xpath:(//a)[${int}]</arg>
</arguments>
<assign>
<var>${linktext}</var>
</assign>
<msg timestamp="20200409 14:15:16.698" level="INFO">${linktext} = Salon Travel</msg>
<status status="PASS" starttime="20200409 14:15:15.677" endtime="20200409 14:15:16.698"></status>
</kw>
<kw name="Log To Console" library="BuiltIn">
<doc>Logs the given message to the console.</doc>
<arguments>
<arg>${linktext}</arg>
</arguments>
<status status="PASS" starttime="20200409 14:15:16.698" endtime="20200409 14:15:16.698"></status>
</kw>
<status status="PASS" starttime="20200409 14:15:15.677" endtime="20200409 14:15:16.698"></status>
</kw>
<status status="PASS" starttime="20200409 14:15:00.401" endtime="20200409 14:15:16.698"></status>
</kw>
<status status="PASS" starttime="20200409 14:14:57.881" endtime="20200409 14:15:16.698"></status>
</kw>
<status status="PASS" starttime="20200409 14:14:57.880" endtime="20200409 14:15:16.698" critical="yes"></status>
</test>
<test id="s1-t3" name="close browser now">
<kw name="closebrowser_application">
<kw name="Sleep" library="BuiltIn">
<doc>Pauses the test executed for the given time.</doc>
<arguments>
<arg>4S</arg>
</arguments>
<msg timestamp="20200409 14:15:20.700" level="INFO">Slept 4 seconds</msg>
<status status="PASS" starttime="20200409 14:15:16.699" endtime="20200409 14:15:20.700"></status>
</kw>
<kw name="Close Browser" library="Selenium2Library">
<doc>Closes the current browser.</doc>
<status status="PASS" starttime="20200409 14:15:20.700" endtime="20200409 14:15:22.391"></status>
</kw>
<status status="PASS" starttime="20200409 14:15:16.699" endtime="20200409 14:15:22.391"></status>
</kw>
<status status="PASS" starttime="20200409 14:15:16.699" endtime="20200409 14:15:22.391" critical="yes"></status>
</test>
<doc>Simple example using SeleniumLibrary</doc>
<status status="PASS" starttime="20200409 14:14:45.526" endtime="20200409 14:15:22.392"></status>
</suite>
<statistics>
<total>
<stat pass="3" fail="0">Critical Tests</stat>
<stat pass="3" fail="0">All Tests</stat>
</total>
<tag>
</tag>
<suite>
<stat pass="3" fail="0" id="s1" name="Countandgetlink">Countandgetlink</stat>
</suite>
</statistics>
<errors>
</errors>
</robot>
