<?xml version="1.0" encoding="UTF-8"?>
<robot generator="Robot 3.1.2 (Python 3.6.5 on linux)" generated="20200409 11:22:30.692" rpa="false">
<suite id="s1" name="For Loop" source="/home/elsys/Documents/VSCODE/Robot/tc4/for_loop.robot">
<test id="s1-t1" name="Open and Get Title">
<kw name="Evaluate" library="BuiltIn">
<doc>Evaluates the given expression in Python and returns the results.</doc>
<arguments>
<arg>sys.modules['selenium.webdriver'].common.desired_capabilities.DesiredCapabilities.FIREFOX</arg>
<arg>sys,selenium.webdriver</arg>
</arguments>
<assign>
<var>${ff default caps}</var>
</assign>
<msg timestamp="20200409 11:22:30.833" level="INFO">${ff default caps} = {'browserName': 'firefox', 'marionette': True, 'acceptInsecureCerts': True}</msg>
<status status="PASS" starttime="20200409 11:22:30.832" endtime="20200409 11:22:30.833"></status>
</kw>
<kw name="Create Webdriver" library="Selenium2Library">
<doc>Creates an instance of Selenium WebDriver.</doc>
<arguments>
<arg>${browser}</arg>
<arg>executable_path=/home/elsys/PycharmProjects/robot_framework/TestCase/geckodriver</arg>
</arguments>
<msg timestamp="20200409 11:22:30.833" level="INFO">Creating an instance of the Firefox WebDriver.</msg>
<status status="PASS" starttime="20200409 11:22:30.833" endtime="20200409 11:22:35.807"></status>
</kw>
<kw name="Go To" library="Selenium2Library">
<doc>Navigates the active browser instance to the provided ``url``.</doc>
<arguments>
<arg>${URL}</arg>
</arguments>
<msg timestamp="20200409 11:22:35.808" level="INFO">Opening url 'http://practiceselenium.com/practice-form.html'</msg>
<status status="PASS" starttime="20200409 11:22:35.807" endtime="20200409 11:22:59.156"></status>
</kw>
<kw name="optionbrowser_application">
<kw name="Maximize Browser Window" library="Selenium2Library">
<doc>Maximizes current browser window.</doc>
<status status="PASS" starttime="20200409 11:22:59.156" endtime="20200409 11:23:02.660"></status>
</kw>
<kw name="Set Selenium Speed" library="Selenium2Library">
<doc>Sets the delay that is waited after each Selenium command.</doc>
<arguments>
<arg>0.5s</arg>
</arguments>
<status status="PASS" starttime="20200409 11:23:02.660" endtime="20200409 11:23:02.660"></status>
</kw>
<kw name="Get Title" library="Selenium2Library">
<doc>Returns the title of current page.</doc>
<assign>
<var>${page_tile}</var>
</assign>
<msg timestamp="20200409 11:23:03.164" level="INFO">${page_tile} = practice-form</msg>
<status status="PASS" starttime="20200409 11:23:02.661" endtime="20200409 11:23:03.164"></status>
</kw>
<kw name="Log" library="BuiltIn">
<doc>Logs the given message with the given level.</doc>
<arguments>
<arg>${page_tile}</arg>
</arguments>
<msg timestamp="20200409 11:23:03.164" level="INFO">practice-form</msg>
<status status="PASS" starttime="20200409 11:23:03.164" endtime="20200409 11:23:03.164"></status>
</kw>
<kw name="Title Should Be" library="Selenium2Library">
<doc>Verifies that current page title equals ``title``.</doc>
<arguments>
<arg>practice-form</arg>
</arguments>
<msg timestamp="20200409 11:23:03.667" level="INFO">Page title is 'practice-form'.</msg>
<status status="PASS" starttime="20200409 11:23:03.164" endtime="20200409 11:23:03.668"></status>
</kw>
<status status="PASS" starttime="20200409 11:22:59.156" endtime="20200409 11:23:03.668"></status>
</kw>
<status status="PASS" starttime="20200409 11:22:30.831" endtime="20200409 11:23:03.668" critical="yes"></status>
</test>
<test id="s1-t2" name="Text, Testing Radio buttons, check boxes">
<kw name="testingradio_application">
<kw name="Input Text" library="Selenium2Library">
<doc>Types the given ``text`` into text field identified by ``locator``.</doc>
<arguments>
<arg>xpath://input[@name='firstname']</arg>
<arg>Vinicius Miranda</arg>
</arguments>
<msg timestamp="20200409 11:23:03.670" level="INFO">Typing text 'Vinicius Miranda' into text field 'xpath://input[@name='firstname']'.</msg>
<status status="PASS" starttime="20200409 11:23:03.669" endtime="20200409 11:23:05.208"></status>
</kw>
<kw name="Input Text" library="Selenium2Library">
<doc>Types the given ``text`` into text field identified by ``locator``.</doc>
<arguments>
<arg>xpath://input[@name='lastname']</arg>
<arg>de Pinho</arg>
</arguments>
<msg timestamp="20200409 11:23:05.208" level="INFO">Typing text 'de Pinho' into text field 'xpath://input[@name='lastname']'.</msg>
<status status="PASS" starttime="20200409 11:23:05.208" endtime="20200409 11:23:06.729"></status>
</kw>
<kw name="Select Radio Button" library="Selenium2Library">
<doc>Sets radio button group ``group_name`` to ``value``.</doc>
<arguments>
<arg>sex</arg>
<arg>Female</arg>
</arguments>
<msg timestamp="20200409 11:23:06.729" level="INFO">Selecting 'Female' from radio button 'sex'.</msg>
<status status="PASS" starttime="20200409 11:23:06.729" endtime="20200409 11:23:08.456"></status>
</kw>
<kw name="Select Radio Button" library="Selenium2Library">
<doc>Sets radio button group ``group_name`` to ``value``.</doc>
<arguments>
<arg>exp</arg>
<arg>5</arg>
</arguments>
<msg timestamp="20200409 11:23:08.456" level="INFO">Selecting '5' from radio button 'exp'.</msg>
<status status="PASS" starttime="20200409 11:23:08.456" endtime="20200409 11:23:10.178"></status>
</kw>
<kw name="Select Checkbox" library="Selenium2Library">
<doc>Selects checkbox identified by ``locator``.</doc>
<arguments>
<arg>BlackTea</arg>
</arguments>
<msg timestamp="20200409 11:23:10.178" level="INFO">Selecting checkbox 'BlackTea'.</msg>
<status status="PASS" starttime="20200409 11:23:10.178" endtime="20200409 11:23:12.399"></status>
</kw>
<kw name="Select Checkbox" library="Selenium2Library">
<doc>Selects checkbox identified by ``locator``.</doc>
<arguments>
<arg>RedTea</arg>
</arguments>
<msg timestamp="20200409 11:23:12.399" level="INFO">Selecting checkbox 'RedTea'.</msg>
<status status="PASS" starttime="20200409 11:23:12.399" endtime="20200409 11:23:14.621"></status>
</kw>
<kw name="Unselect Checkbox" library="Selenium2Library">
<doc>Removes selection of checkbox identified by ``locator``.</doc>
<arguments>
<arg>BlackTea</arg>
</arguments>
<msg timestamp="20200409 11:23:14.622" level="INFO">Unselecting checkbox 'BlackTea'.</msg>
<status status="PASS" starttime="20200409 11:23:14.621" endtime="20200409 11:23:16.843"></status>
</kw>
<kw name="Select From List By Label" library="Selenium2Library">
<doc>Selects options from selection list ``locator`` by ``labels``.</doc>
<arguments>
<arg>continents</arg>
<arg>Antartica</arg>
</arguments>
<msg timestamp="20200409 11:23:16.843" level="INFO">Selecting options from selection list 'continents' by label Antartica.</msg>
<status status="PASS" starttime="20200409 11:23:16.843" endtime="20200409 11:23:20.078"></status>
</kw>
<kw name="Select From List By Index" library="Selenium2Library">
<doc>Selects options from selection list ``locator`` by ``indexes``.</doc>
<arguments>
<arg>continents</arg>
<arg>6</arg>
</arguments>
<msg timestamp="20200409 11:23:20.079" level="INFO">Selecting options from selection list 'continents' by index 6.</msg>
<status status="PASS" starttime="20200409 11:23:20.078" endtime="20200409 11:23:26.169"></status>
</kw>
<status status="PASS" starttime="20200409 11:23:03.669" endtime="20200409 11:23:26.169"></status>
</kw>
<status status="PASS" starttime="20200409 11:23:03.669" endtime="20200409 11:23:26.169" critical="yes"></status>
</test>
<test id="s1-t3" name="close browser now">
<kw name="closebrowser_application">
<kw name="Sleep" library="BuiltIn">
<doc>Pauses the test executed for the given time.</doc>
<arguments>
<arg>4</arg>
</arguments>
<msg timestamp="20200409 11:23:30.170" level="INFO">Slept 4 seconds</msg>
<status status="PASS" starttime="20200409 11:23:26.170" endtime="20200409 11:23:30.171"></status>
</kw>
<kw name="Close Browser" library="Selenium2Library">
<doc>Closes the current browser.</doc>
<status status="PASS" starttime="20200409 11:23:30.171" endtime="20200409 11:23:31.652"></status>
</kw>
<status status="PASS" starttime="20200409 11:23:26.170" endtime="20200409 11:23:31.652"></status>
</kw>
<status status="PASS" starttime="20200409 11:23:26.169" endtime="20200409 11:23:31.652" critical="yes"></status>
</test>
<doc>Simple example using SeleniumLibrary</doc>
<status status="PASS" starttime="20200409 11:22:30.693" endtime="20200409 11:23:31.653"></status>
</suite>
<statistics>
<total>
<stat pass="3" fail="0">Critical Tests</stat>
<stat pass="3" fail="0">All Tests</stat>
</total>
<tag>
</tag>
<suite>
<stat pass="3" fail="0" id="s1" name="For Loop">For Loop</stat>
</suite>
</statistics>
<errors>
</errors>
</robot>
